0 info it worked if it ends with ok
1 verbose cli [ '/usr/local/bin/node',
1 verbose cli   '/usr/local/bin/npm',
1 verbose cli   'i',
1 verbose cli   '7zip-bin-win',
1 verbose cli   '-g' ]
2 info using npm@4.1.2
3 info using node@v7.3.0
4 silly loadCurrentTree Starting
5 silly install loadCurrentTree
6 silly install readGlobalPackageData
7 silly fetchPackageMetaData 7zip-bin-win
8 silly fetchNamedPackageData 7zip-bin-win
9 silly mapToRegistry name 7zip-bin-win
10 silly mapToRegistry using default registry
11 silly mapToRegistry registry https://registry.npmjs.org/
12 silly mapToRegistry data Result {
12 silly mapToRegistry   raw: '7zip-bin-win',
12 silly mapToRegistry   scope: null,
12 silly mapToRegistry   escapedName: '7zip-bin-win',
12 silly mapToRegistry   name: '7zip-bin-win',
12 silly mapToRegistry   rawSpec: '',
12 silly mapToRegistry   spec: 'latest',
12 silly mapToRegistry   type: 'tag' }
13 silly mapToRegistry uri https://registry.npmjs.org/7zip-bin-win
14 verbose request uri https://registry.npmjs.org/7zip-bin-win
15 verbose request no auth needed
16 info attempt registry request try #1 at 23:37:25
17 verbose request id 9aa86f51027c3a77
18 verbose etag W/"580072b0-14ed"
19 verbose lastModified Fri, 14 Oct 2016 05:52:48 GMT
20 http request GET https://registry.npmjs.org/7zip-bin-win
21 http 304 https://registry.npmjs.org/7zip-bin-win
22 verbose headers { date: 'Sat, 18 Mar 2017 19:37:25 GMT',
22 verbose headers   via: '1.1 varnish',
22 verbose headers   'cache-control': 'max-age=300',
22 verbose headers   etag: 'W/"580072b0-14ed"',
22 verbose headers   age: '203',
22 verbose headers   connection: 'keep-alive',
22 verbose headers   'x-served-by': 'cache-lcy1148-LCY',
22 verbose headers   'x-cache': 'HIT',
22 verbose headers   'x-cache-hits': '1',
22 verbose headers   'x-timer': 'S1489865845.356787,VS0,VE0',
22 verbose headers   vary: 'Accept-Encoding' }
23 silly get cb [ 304,
23 silly get   { date: 'Sat, 18 Mar 2017 19:37:25 GMT',
23 silly get     via: '1.1 varnish',
23 silly get     'cache-control': 'max-age=300',
23 silly get     etag: 'W/"580072b0-14ed"',
23 silly get     age: '203',
23 silly get     connection: 'keep-alive',
23 silly get     'x-served-by': 'cache-lcy1148-LCY',
23 silly get     'x-cache': 'HIT',
23 silly get     'x-cache-hits': '1',
23 silly get     'x-timer': 'S1489865845.356787,VS0,VE0',
23 silly get     vary: 'Accept-Encoding' } ]
24 verbose etag https://registry.npmjs.org/7zip-bin-win from cache
25 verbose get saving 7zip-bin-win to /Users/Killian/.npm/registry.npmjs.org/7zip-bin-win/.cache.json
26 verbose correctMkdir /Users/Killian/.npm correctMkdir not in flight; initializing
27 silly install normalizeTree
28 silly loadCurrentTree Finishing
29 silly loadIdealTree Starting
30 silly install loadIdealTree
31 silly cloneCurrentTree Starting
32 silly install cloneCurrentTreeToIdealTree
33 silly cloneCurrentTree Finishing
34 silly loadShrinkwrap Starting
35 silly install loadShrinkwrap
36 silly loadShrinkwrap Finishing
37 silly loadAllDepsIntoIdealTree Starting
38 silly install loadAllDepsIntoIdealTree
39 silly rollbackFailedOptional Starting
40 silly rollbackFailedOptional Finishing
41 silly runTopLevelLifecycles Finishing
42 silly install printInstalled
43 verbose stack Error: Unsupported platform for 7zip-bin-win@2.0.2: wanted {"name":"7zip-bin-win","description":"7-Zip Windows binary","version":"2.0.2","license":"MIT","repository":{"type":"git","url":"git+https://github.com/develar/7zip-bin.git"},"files":["ia32","x64","index.js"],"os":["win32"],"bugs":{"url":"https://github.com/develar/7zip-bin/issues"},"homepage":"https://github.com/develar/7zip-bin#readme","_id":"7zip-bin-win@2.0.2","scripts":{},"_shasum":"4c36399413922f111b8e80df3065a4069cfc0a64","_from":"7zip-bin-win","_npmVersion":"3.10.8","_nodeVersion":"6.8.0","_npmUser":{"name":"develar","email":"develar@gmail.com"},"dist":{"shasum":"4c36399413922f111b8e80df3065a4069cfc0a64","tarball":"https://registry.npmjs.org/7zip-bin-win/-/7zip-bin-win-2.0.2.tgz"},"maintainers":[{"name":"develar","email":"develar@gmail.com"}],"_npmOperationalInternal":{"host":"packages-16-east.internal.npmjs.com","tmp":"tmp/7zip-bin-win-2.0.2.tgz_1476424367604_0.9675458786077797"},"directories":{},"_resolved":"https://registry.npmjs.org/7zip-bin-win/-/7zip-bin-win-2.0.2.tgz","_requested":{"raw":"7zip-bin-win","scope":null,"escapedName":"7zip-bin-win","name":"7zip-bin-win","rawSpec":"","spec":"latest","type":"tag"},"_spec":"7zip-bin-win","_where":"/Users/Killian/Desktop/Programmation/Electron/papa","_args":[[{"raw":"7zip-bin-win","scope":null,"escapedName":"7zip-bin-win","name":"7zip-bin-win","rawSpec":"","spec":"latest","type":"tag"},"/Users/Killian/Desktop/Programmation/Electron/papa"]],"readme":"ERROR: No README data found!"} (current: {"os":"darwin","cpu":"x64"})
43 verbose stack     at checkPlatform (/usr/local/lib/node_modules/npm/node_modules/npm-install-checks/index.js:45:14)
43 verbose stack     at thenWarnEngineIssues (/usr/local/lib/node_modules/npm/lib/install/validate-args.js:41:5)
43 verbose stack     at /usr/local/lib/node_modules/npm/node_modules/iferr/index.js:13:50
43 verbose stack     at checkEngine (/usr/local/lib/node_modules/npm/node_modules/npm-install-checks/index.js:10:20)
43 verbose stack     at module.exports.isInstallable (/usr/local/lib/node_modules/npm/lib/install/validate-args.js:38:3)
43 verbose stack     at Array.<anonymous> (/usr/local/lib/node_modules/npm/node_modules/slide/lib/bind-actor.js:15:8)
43 verbose stack     at LOOP (/usr/local/lib/node_modules/npm/node_modules/slide/lib/chain.js:15:14)
43 verbose stack     at /usr/local/lib/node_modules/npm/node_modules/slide/lib/chain.js:18:7
43 verbose stack     at checkSelf (/usr/local/lib/node_modules/npm/lib/install/validate-args.js:46:72)
43 verbose stack     at Array.<anonymous> (/usr/local/lib/node_modules/npm/node_modules/slide/lib/bind-actor.js:15:8)
44 verbose pkgid 7zip-bin-win@2.0.2
45 verbose cwd /Users/Killian/Desktop/Programmation/Electron/papa
46 error Darwin 16.4.0
47 error argv "/usr/local/bin/node" "/usr/local/bin/npm" "i" "7zip-bin-win" "-g"
48 error node v7.3.0
49 error npm  v4.1.2
50 error code EBADPLATFORM
51 error notsup Unsupported platform for 7zip-bin-win@2.0.2: wanted {"os":"win32","arch":"any"} (current: {"os":"darwin","arch":"x64"})
52 error notsup Valid OS:    win32
52 error notsup Valid Arch:  any
52 error notsup Actual OS:   darwin
52 error notsup Actual Arch: x64
53 verbose exit [ 1, true ]
